Copyright 1986-2021 Xilinx, Inc. All Rights Reserved.
------------------------------------------------------------------------------------
| Tool Version : Vivado v.2021.1 (win64) Build 3247384 Thu Jun 10 19:36:33 MDT 2021
| Date         : Tue Apr  9 22:18:12 2024
| Host         : P1-08 running 64-bit major release  (build 9200)
| Command      : report_control_sets -verbose -file Wrapper_control_sets_placed.rpt
| Design       : Wrapper
| Device       : xc7a100t
------------------------------------------------------------------------------------

Control Set Information

Table of Contents
-----------------
1. Summary
2. Histogram
3. Flip-Flop Distribution
4. Detailed Control Set Information

1. Summary
----------

+----------------------------------------------------------+-------+
|                          Status                          | Count |
+----------------------------------------------------------+-------+
| Total control sets                                       |    40 |
|    Minimum number of control sets                        |    40 |
|    Addition due to synthesis replication                 |     0 |
|    Addition due to physical synthesis replication        |     0 |
| Unused register locations in slices containing registers |    54 |
+----------------------------------------------------------+-------+
* Control sets can be merged at opt_design using control_set_merge or merge_equivalent_drivers
** Run report_qor_suggestions for automated merging and remapping suggestions


2. Histogram
------------

+--------------------+-------+
|       Fanout       | Count |
+--------------------+-------+
| Total control sets |    40 |
| >= 0 to < 4        |     1 |
| >= 4 to < 6        |     0 |
| >= 6 to < 8        |     1 |
| >= 8 to < 10       |     0 |
| >= 10 to < 12      |     2 |
| >= 12 to < 14      |     0 |
| >= 14 to < 16      |     0 |
| >= 16              |    36 |
+--------------------+-------+
* Control sets can be remapped at either synth_design or opt_design


3. Flip-Flop Distribution
-------------------------

+--------------+-----------------------+------------------------+-----------------+--------------+
| Clock Enable | Synchronous Set/Reset | Asynchronous Set/Reset | Total Registers | Total Slices |
+--------------+-----------------------+------------------------+-----------------+--------------+
| No           | No                    | No                     |              68 |           30 |
| No           | No                    | Yes                    |              66 |           37 |
| No           | Yes                   | No                     |              30 |           20 |
| Yes          | No                    | No                     |              66 |           31 |
| Yes          | No                    | Yes                    |            1316 |          523 |
| Yes          | Yes                   | No                     |               0 |            0 |
+--------------+-----------------------+------------------------+-----------------+--------------+


4. Detailed Control Set Information
-----------------------------------

+----------------------+-------------------------------------------------------+-------------------------------------+------------------+----------------+--------------+
|     Clock Signal     |                     Enable Signal                     |           Set/Reset Signal          | Slice Load Count | Bel Load Count | Bels / Slice |
+----------------------+-------------------------------------------------------+-------------------------------------+------------------+----------------+--------------+
|  CLK100MHZ_IBUF_BUFG |                                                       | CPU/DX_IR/flip_flops[2].dff/q_reg_4 |                1 |              1 |         1.00 |
|  CLK100MHZ_IBUF_BUFG |                                                       | CPU/inMulDiv/en0                    |                3 |              7 |         2.33 |
|  CPU/clk25           |                                                       | BTNC_IBUF                           |                4 |             10 |         2.50 |
|  CPU/clk25           | CPU/Display/vPos                                      | BTNC_IBUF                           |                3 |             10 |         3.33 |
|  CLK100MHZ_IBUF_BUFG |                                                       | BTNC_IBUF                           |                9 |             17 |         1.89 |
|  CLK100MHZ_IBUF_BUFG |                                                       | CPU/muldiv/counter/tff2/dff/q_reg_2 |               20 |             30 |         1.50 |
|  CLK100MHZ_IBUF_BUFG |                                                       | CPU/DX_IR/flip_flops[2].dff/q_reg_5 |               20 |             31 |         1.55 |
|  CLK100MHZ_IBUF_BUFG | CPU/MW_IR/flip_flops[24].dff/registers[2].w1          | BTNC_IBUF                           |               15 |             32 |         2.13 |
|  CLK100MHZ_IBUF_BUFG | CPU/MW_IR/flip_flops[24].dff/registers[1].w1          | BTNC_IBUF                           |               13 |             32 |         2.46 |
|  CLK100MHZ_IBUF_BUFG | CPU/MW_IR/flip_flops[24].dff/registers[9].w1          | BTNC_IBUF                           |               13 |             32 |         2.46 |
|  CLK100MHZ_IBUF_BUFG | CPU/MW_IR/flip_flops[24].dff/registers[18].w1         | BTNC_IBUF                           |               14 |             32 |         2.29 |
|  CLK100MHZ_IBUF_BUFG | CPU/MW_IR/flip_flops[24].dff/registers[14].w1         | BTNC_IBUF                           |               11 |             32 |         2.91 |
|  CLK100MHZ_IBUF_BUFG | CPU/MW_IR/flip_flops[24].dff/registers[21].w1         | BTNC_IBUF                           |               11 |             32 |         2.91 |
|  CLK100MHZ_IBUF_BUFG | CPU/MW_IR/flip_flops[24].dff/registers[16].w1         | BTNC_IBUF                           |               12 |             32 |         2.67 |
|  CLK100MHZ_IBUF_BUFG | CPU/MW_IR/flip_flops[24].dff/registers[23].w1         | BTNC_IBUF                           |               13 |             32 |         2.46 |
|  CLK100MHZ_IBUF_BUFG | CPU/MW_IR/flip_flops[24].dff/registers[24].w1         | BTNC_IBUF                           |               14 |             32 |         2.29 |
|  CLK100MHZ_IBUF_BUFG | CPU/MW_IR/flip_flops[24].dff/registers[11].w1         | BTNC_IBUF                           |               10 |             32 |         3.20 |
|  CLK100MHZ_IBUF_BUFG | CPU/MW_IR/flip_flops[24].dff/registers[8].w1          | BTNC_IBUF                           |               14 |             32 |         2.29 |
|  CLK100MHZ_IBUF_BUFG | CPU/MW_IR/flip_flops[24].dff/registers[7].w1          | BTNC_IBUF                           |                9 |             32 |         3.56 |
|  CLK100MHZ_IBUF_BUFG | CPU/MW_IR/flip_flops[24].dff/registers[5].w1          | BTNC_IBUF                           |               16 |             32 |         2.00 |
|  CLK100MHZ_IBUF_BUFG | CPU/MW_IR/flip_flops[24].dff/registers[6].w1          | BTNC_IBUF                           |               10 |             32 |         3.20 |
|  CLK100MHZ_IBUF_BUFG | CPU/MW_IR/flip_flops[24].dff/registers[10].w1         | BTNC_IBUF                           |                8 |             32 |         4.00 |
|  CLK100MHZ_IBUF_BUFG | CPU/MW_IR/flip_flops[24].dff/registers[13].w1         | BTNC_IBUF                           |                8 |             32 |         4.00 |
|  CLK100MHZ_IBUF_BUFG | CPU/MW_IR/flip_flops[24].dff/registers[17].w1         | BTNC_IBUF                           |               11 |             32 |         2.91 |
|  CLK100MHZ_IBUF_BUFG | CPU/MW_IR/flip_flops[24].dff/registers[19].w1         | BTNC_IBUF                           |                7 |             32 |         4.57 |
|  CLK100MHZ_IBUF_BUFG | CPU/MW_IR/flip_flops[24].dff/registers[20].w1         | BTNC_IBUF                           |               13 |             32 |         2.46 |
|  CLK100MHZ_IBUF_BUFG | CPU/MW_IR/flip_flops[24].dff/registers_special[29].w1 | BTNC_IBUF                           |               16 |             32 |         2.00 |
|  CLK100MHZ_IBUF_BUFG | CPU/MW_IR/flip_flops[24].dff/registers_special[30].w1 | BTNC_IBUF                           |               12 |             32 |         2.67 |
|  CLK100MHZ_IBUF_BUFG | CPU/MW_IR/flip_flops[24].dff/registers[4].w1          | BTNC_IBUF                           |               10 |             32 |         3.20 |
|  CLK100MHZ_IBUF_BUFG | CPU/MW_IR/flip_flops[24].dff/registers_special[31].w1 | BTNC_IBUF                           |               10 |             32 |         3.20 |
|  CLK100MHZ_IBUF_BUFG | CPU/MW_IR/flip_flops[24].dff/registers[12].w1         | BTNC_IBUF                           |               10 |             32 |         3.20 |
|  CLK100MHZ_IBUF_BUFG | CPU/MW_IR/flip_flops[24].dff/registers[3].w1          | BTNC_IBUF                           |               12 |             32 |         2.67 |
|  CLK100MHZ_IBUF_BUFG | CPU/MW_IR/flip_flops[24].dff/registers[15].w1         | BTNC_IBUF                           |                9 |             32 |         3.56 |
|  CLK100MHZ_IBUF_BUFG | CPU/MW_IR/flip_flops[24].dff/registers[22].w1         | BTNC_IBUF                           |               14 |             32 |         2.29 |
|  CLK100MHZ_IBUF_BUFG | CPU/DX_IR/flip_flops[2].dff/q_reg_4                   |                                     |               16 |             33 |         2.06 |
|  CLK100MHZ_IBUF_BUFG | CPU/DX_IR/flip_flops[2].dff/q_reg_5                   |                                     |               15 |             33 |         2.20 |
|  CLK100MHZ_IBUF_BUFG | CPU/MW_IR/flip_flops[24].dff/w_25_1                   | BTNC_IBUF                           |               19 |             48 |         2.53 |
|  CLK100MHZ_IBUF_BUFG |                                                       |                                     |               30 |             68 |         2.27 |
| ~CLK100MHZ_IBUF_BUFG | CPU/FD_IR/flip_flops[28].dff/q_reg_1                  | BTNC_IBUF                           |               51 |             90 |         1.76 |
| ~CLK100MHZ_IBUF_BUFG | CPU/muldiv/counter/tff6/dff/x_continue                | BTNC_IBUF                           |              135 |            304 |         2.25 |
+----------------------+-------------------------------------------------------+-------------------------------------+------------------+----------------+--------------+


